<html>
<head>
<title>TestNG:  Test</title>
<link href="../testng.css" rel="stylesheet" type="text/css" />
<link href="../my-testng.css" rel="stylesheet" type="text/css" />

<style type="text/css">
.log { display: none;} 
.stack-trace { display: none;} 
</style>
<script type="text/javascript">
<!--
function flip(e) {
  current = e.style.display;
  if (current == 'block') {
    e.style.display = 'none';
    return 0;
  }
  else {
    e.style.display = 'block';
    return 1;
  }
}

function toggleBox(szDivId, elem, msg1, msg2)
{
  var res = -1;  if (document.getElementById) {
    res = flip(document.getElementById(szDivId));
  }
  else if (document.all) {
    // this is the way old msie versions work
    res = flip(document.all[szDivId]);
  }
  if(elem) {
    if(res == 0) elem.innerHTML = msg1; else elem.innerHTML = msg2;
  }

}

function toggleAllBoxes() {
  if (document.getElementsByTagName) {
    d = document.getElementsByTagName('div');
    for (i = 0; i < d.length; i++) {
      if (d[i].className == 'log') {
        flip(d[i]);
      }
    }
  }
}

// -->
</script>

</head>
<body>
<h2 align='center'>Test</h2><table border='1' align="center">
<tr>
<td>Tests passed/Failed/Skipped:</td><td>6/1/0</td>
</tr><tr>
<td>Started on:</td><td>Tue Jan 11 17:51:32 IST 2022</td>
</tr>
<tr><td>Total time:</td><td>34 seconds (34317 ms)</td>
</tr><tr>
<td>Included groups:</td><td></td>
</tr><tr>
<td>Excluded groups:</td><td></td>
</tr>
</table><p/>
<small><i>(Hover the method name to see the test class name)</i></small><p/>
<table width='100%' border='1' class='invocation-failed'>
<tr><td colspan='4' align='center'><b>FAILED CONFIGURATIONS</b></td></tr>
<tr><td><b>Test method</b></td>
<td width="30%"><b>Exception</b></td>
<td width="10%"><b>Time (seconds)</b></td>
<td><b>Instance</b></td>
</tr>
<tr>
<td title='runners.FailedRunner.setUpClass()'><b>setUpClass</b><br>Test class: runners.FailedRunner<br>Parameters: org.testng.TestRunner@63962c8e</td>
<td><div><pre>io.cucumber.core.exception.CucumberException: Failed to parse &apos;target\failed_test.txt&apos;
	at io.cucumber.core.options.OptionsFileParser.parseFeatureWithLinesFile(OptionsFileParser.java:35)
	at io.cucumber.core.options.CucumberOptionsAnnotationParser.addFeatures(CucumberOptionsAnnotationParser.java:136)
	at io.cucumber.core.options.CucumberOptionsAnnotationParser.parse(CucumberOptionsAnnotationParser.java:46)
	at io.cucumber.testng.TestNGCucumberRunner.&lt;init&gt;(TestNGCucumberRunner.java:85)
	at io.cucumber.testng.AbstractTestNGCucumberTests.setUpClass(AbstractTestNGCucumberTests.java:27)
	at java.base/java.util.concurrent.ThreadPoolExecutor.runWorker(ThreadPoolExecutor.java:1136)
	at java.base/java.util.concurrent.ThreadPoolExecutor$Worker.run(ThreadPoolExecutor.java:635)
	at java.base/java.lang.Thread.run(Thread.java:833)
Caused by: java.nio.file.NoSuchFileException: target\failed_test.txt
	at java.base/sun.nio.fs.WindowsException.translateToIOException(WindowsException.java:85)
	at java.base/sun.nio.fs.WindowsException.rethrowAsIOException(WindowsException.java:103)
	at java.base/sun.nio.fs.WindowsException.rethrowAsIOException(WindowsException.java:108)
	at java.base/sun.nio.fs.WindowsFileSystemProvider.newByteChannel(WindowsFileSystemProvider.java:236)
	at java.base/java.nio.file.Files.newByteChannel(Files.java:380)
	at java.base/java.nio.file.Files.newByteChannel(Files.java:432)
	at java.base/java.nio.file.spi.FileSystemProvider.newInputStream(FileSystemProvider.java:422)
	at java.base/java.nio.file.Files.newInputStream(Files.java:160)
	at java.base/java.nio.file.Files.newBufferedReader(Files.java:2922)
	at java.base/java.nio.file.Files.readAllLines(Files.java:3412)
	at java.base/java.nio.file.Files.readAllLines(Files.java:3453)
	at io.cucumber.core.options.OptionsFileParser.parseFeatureWithLinesFile(OptionsFileParser.java:27)
	... 17 more
... Removed 10 stack frames</pre></div><a href='#' onClick='toggleBox("stack-trace1870696886", this, "Click to show all stack frames", "Click to hide stack frames")'>Click to show all stack frames</a>
<div class='stack-trace' id='stack-trace1870696886'><pre>io.cucumber.core.exception.CucumberException: Failed to parse &apos;target\failed_test.txt&apos;
	at io.cucumber.core.options.OptionsFileParser.parseFeatureWithLinesFile(OptionsFileParser.java:35)
	at io.cucumber.core.options.CucumberOptionsAnnotationParser.addFeatures(CucumberOptionsAnnotationParser.java:136)
	at io.cucumber.core.options.CucumberOptionsAnnotationParser.parse(CucumberOptionsAnnotationParser.java:46)
	at io.cucumber.testng.TestNGCucumberRunner.&lt;init&gt;(TestNGCucumberRunner.java:85)
	at io.cucumber.testng.AbstractTestNGCucumberTests.setUpClass(AbstractTestNGCucumberTests.java:27)
	at java.base/jdk.internal.reflect.NativeMethodAccessorImpl.invoke0(Native Method)
	at java.base/jdk.internal.reflect.NativeMethodAccessorImpl.invoke(NativeMethodAccessorImpl.java:77)
	at java.base/jdk.internal.reflect.DelegatingMethodAccessorImpl.invoke(DelegatingMethodAccessorImpl.java:43)
	at java.base/java.lang.reflect.Method.invoke(Method.java:568)
	at org.testng.internal.MethodInvocationHelper.invokeMethod(MethodInvocationHelper.java:133)
	at org.testng.internal.MethodInvocationHelper.invokeMethodConsideringTimeout(MethodInvocationHelper.java:62)
	at org.testng.internal.ConfigInvoker.invokeConfigurationMethod(ConfigInvoker.java:385)
	at org.testng.internal.ConfigInvoker.invokeConfigurations(ConfigInvoker.java:321)
	at org.testng.internal.TestMethodWorker.invokeBeforeClassMethods(TestMethodWorker.java:176)
	at org.testng.internal.TestMethodWorker.run(TestMethodWorker.java:122)
	at java.base/java.util.concurrent.ThreadPoolExecutor.runWorker(ThreadPoolExecutor.java:1136)
	at java.base/java.util.concurrent.ThreadPoolExecutor$Worker.run(ThreadPoolExecutor.java:635)
	at java.base/java.lang.Thread.run(Thread.java:833)
Caused by: java.nio.file.NoSuchFileException: target\failed_test.txt
	at java.base/sun.nio.fs.WindowsException.translateToIOException(WindowsException.java:85)
	at java.base/sun.nio.fs.WindowsException.rethrowAsIOException(WindowsException.java:103)
	at java.base/sun.nio.fs.WindowsException.rethrowAsIOException(WindowsException.java:108)
	at java.base/sun.nio.fs.WindowsFileSystemProvider.newByteChannel(WindowsFileSystemProvider.java:236)
	at java.base/java.nio.file.Files.newByteChannel(Files.java:380)
	at java.base/java.nio.file.Files.newByteChannel(Files.java:432)
	at java.base/java.nio.file.spi.FileSystemProvider.newInputStream(FileSystemProvider.java:422)
	at java.base/java.nio.file.Files.newInputStream(Files.java:160)
	at java.base/java.nio.file.Files.newBufferedReader(Files.java:2922)
	at java.base/java.nio.file.Files.readAllLines(Files.java:3412)
	at java.base/java.nio.file.Files.readAllLines(Files.java:3453)
	at io.cucumber.core.options.OptionsFileParser.parseFeatureWithLinesFile(OptionsFileParser.java:27)
	... 17 more
</pre></div></td>
<td>0</td>
<td>runners.FailedRunner@67a20f67</td></tr>
</table><p>
<table width='100%' border='1' class='invocation-failed'>
<tr><td colspan='4' align='center'><b>FAILED TESTS</b></td></tr>
<tr><td><b>Test method</b></td>
<td width="30%"><b>Exception</b></td>
<td width="10%"><b>Time (seconds)</b></td>
<td><b>Instance</b></td>
</tr>
<tr>
<td title='runners.MainRunner.runScenario()'><b>runScenario</b><br>Test class: runners.MainRunner<br>Test method: Runs Cucumber Scenarios<br>Parameters: "Validate - Successful & Unsuccessful Login", "Optional[WebDriver University - Login Page]"</td>
<td><div><pre>java.lang.AssertionError: expected [validation succeeded] but found [validation failed]
	at pageObjects.Base_PO.waitForAlert_And_ValidateText(Base_PO.java:71)
	at stepDefinitions.LoginSteps.i_should_be_presented_with_the_following_login_validation_message(LoginSteps.java:49)
	at ?.I should be presented with the following login validation message validation succeeded(classpath:features/Login.feature:24)
... Removed 6 stack frames</pre></div><a href='#' onClick='toggleBox("stack-trace2131399584", this, "Click to show all stack frames", "Click to hide stack frames")'>Click to show all stack frames</a>
<div class='stack-trace' id='stack-trace2131399584'><pre>java.lang.AssertionError: expected [validation succeeded] but found [validation failed]
	at org.testng.Assert.fail(Assert.java:99)
	at org.testng.Assert.failNotEquals(Assert.java:1037)
	at org.testng.Assert.assertEqualsImpl(Assert.java:140)
	at org.testng.Assert.assertEquals(Assert.java:122)
	at org.testng.Assert.assertEquals(Assert.java:629)
	at org.testng.Assert.assertEquals(Assert.java:639)
	at pageObjects.Base_PO.waitForAlert_And_ValidateText(Base_PO.java:71)
	at stepDefinitions.LoginSteps.i_should_be_presented_with_the_following_login_validation_message(LoginSteps.java:49)
	at ?.I should be presented with the following login validation message validation succeeded(classpath:features/Login.feature:24)
</pre></div></td>
<td>5</td>
<td>runners.MainRunner@5a63f509</td></tr>
</table><p>
<table width='100%' border='1' class='invocation-passed'>
<tr><td colspan='4' align='center'><b>PASSED TESTS</b></td></tr>
<tr><td><b>Test method</b></td>
<td width="30%"><b>Exception</b></td>
<td width="10%"><b>Time (seconds)</b></td>
<td><b>Instance</b></td>
</tr>
<tr>
<td title='runners.MainRunner.runScenario()'><b>runScenario</b><br>Test class: runners.MainRunner<br>Test method: Runs Cucumber Scenarios<br>Parameters: "Validate Successful Login", "Optional[WebDriver University - Login Page]"</td>
<td></td>
<td>5</td>
<td>runners.MainRunner@5a63f509</td></tr>
<tr>
<td title='runners.MainRunner.runScenario()'><b>runScenario</b><br>Test class: runners.MainRunner<br>Test method: Runs Cucumber Scenarios<br>Parameters: "Validate - Successful & Unsuccessful Login", "Optional[WebDriver University - Login Page]"</td>
<td></td>
<td>4</td>
<td>runners.MainRunner@5a63f509</td></tr>
<tr>
<td title='runners.MainRunner.runScenario()'><b>runScenario</b><br>Test class: runners.MainRunner<br>Test method: Runs Cucumber Scenarios<br>Parameters: "Validate Successful Submission - Specific Data", "Optional[WebDriver University - Contact Us Page]"</td>
<td></td>
<td>16</td>
<td>runners.MainRunner@5a63f509</td></tr>
<tr>
<td title='runners.MainRunner.runScenario()'><b>runScenario</b><br>Test class: runners.MainRunner<br>Test method: Runs Cucumber Scenarios<br>Parameters: "Validate Unsuccessful Login", "Optional[WebDriver University - Login Page]"</td>
<td></td>
<td>5</td>
<td>runners.MainRunner@5a63f509</td></tr>
<tr>
<td title='runners.MainRunner.runScenario()'><b>runScenario</b><br>Test class: runners.MainRunner<br>Test method: Runs Cucumber Scenarios<br>Parameters: "Validate - Successful & Unsuccessful Login", "Optional[WebDriver University - Login Page]"</td>
<td></td>
<td>6</td>
<td>runners.MainRunner@5a63f509</td></tr>
<tr>
<td title='runners.MainRunner.runScenario()'><b>runScenario</b><br>Test class: runners.MainRunner<br>Test method: Runs Cucumber Scenarios<br>Parameters: "Validate Successful Submission - Unique Data", "Optional[WebDriver University - Contact Us Page]"</td>
<td></td>
<td>18</td>
<td>runners.MainRunner@5a63f509</td></tr>
</table><p>
</body>
</html>