[{"line":3,"elements":[{"line":5,"name":"","description":"","type":"background","keyword":"Background","steps":[{"result":{"duration":1085679800,"status":"passed"},"line":6,"name":"I access the webdriver university login page","match":{"location":"stepDefinitions.LoginSteps.i_access_the_webdriver_university_login_page()"},"after":[{"result":{"duration":2999600,"status":"passed"},"match":{"location":"stepDefinitions.base.Hooks.captureExceptionImage(io.cucumber.java.Scenario)"}}],"keyword":"Given "}]},{"start_timestamp":"2022-01-11T12:19:13.668Z","before":[{"result":{"duration":3887413200,"status":"passed"},"match":{"location":"stepDefinitions.base.Hooks.setup()"}}],"line":28,"name":"Validate - Successful & Unsuccessful Login","description":"","id":"webdriver-university---login-page;validate---successful-&-unsuccessful-login;;2","after":[{"result":{"duration":583667100,"status":"passed"},"match":{"location":"stepDefinitions.base.Hooks.tearDown()"}}],"type":"scenario","keyword":"Scenario Outline","steps":[{"result":{"duration":241855900,"status":"passed"},"line":21,"name":"I enter a username webdriver1","match":{"arguments":[{"val":"webdriver1","offset":19}],"location":"stepDefinitions.LoginSteps.i_enter_a_username(java.lang.String)"},"after":[{"result":{"duration":999500,"status":"passed"},"match":{"location":"stepDefinitions.base.Hooks.captureExceptionImage(io.cucumber.java.Scenario)"}}],"keyword":"When "},{"result":{"duration":176900000,"status":"passed"},"line":22,"name":"I enter a password webdriver123","match":{"arguments":[{"val":"webdriver123","offset":19}],"location":"stepDefinitions.LoginSteps.i_enter_a_password(java.lang.String)"},"after":[{"result":{"status":"passed"},"match":{"location":"stepDefinitions.base.Hooks.captureExceptionImage(io.cucumber.java.Scenario)"}}],"keyword":"And "},{"result":{"duration":258849600,"status":"passed"},"line":23,"name":"I click on the login button","match":{"location":"stepDefinitions.LoginSteps.i_click_on_the_login_button()"},"after":[{"result":{"status":"passed"},"match":{"location":"stepDefinitions.base.Hooks.captureExceptionImage(io.cucumber.java.Scenario)"}}],"keyword":"And "},{"result":{"error_message":"java.lang.AssertionError: expected [validation succeeded] but found [validation failed]\r\n\tat org.testng.Assert.fail(Assert.java:99)\r\n\tat org.testng.Assert.failNotEquals(Assert.java:1037)\r\n\tat org.testng.Assert.assertEqualsImpl(Assert.java:140)\r\n\tat org.testng.Assert.assertEquals(Assert.java:122)\r\n\tat org.testng.Assert.assertEquals(Assert.java:629)\r\n\tat org.testng.Assert.assertEquals(Assert.java:639)\r\n\tat pageObjects.Base_PO.waitForAlert_And_ValidateText(Base_PO.java:71)\r\n\tat stepDefinitions.LoginSteps.i_should_be_presented_with_the_following_login_validation_message(LoginSteps.java:49)\r\n\tat âœ½.I should be presented with the following login validation message validation succeeded(classpath:features/Login.feature:24)\r\n","duration":61965100,"status":"failed"},"line":24,"name":"I should be presented with the following login validation message validation succeeded","match":{"arguments":[{"val":"validation succeeded","offset":66}],"location":"stepDefinitions.LoginSteps.i_should_be_presented_with_the_following_login_validation_message(java.lang.String)"},"after":[{"result":{"error_message":"org.openqa.selenium.UnhandledAlertException: unexpected alert open: {Alert text : validation failed}\n  (Session info: chrome=97.0.4692.71): validation failed\nBuild info: version: '4.1.1', revision: 'e8fcc2cecf'\nSystem info: host: 'DESKTOP-72NPBGM', ip: '192.168.1.112', os.name: 'Windows 10', os.arch: 'amd64', os.version: '10.0', java.version: '17.0.1'\nDriver info: org.openqa.selenium.chrome.ChromeDriver\nCommand: [3d12ec678777467fc2625b83ecd08ec6, screenshot {}]\nCapabilities {acceptInsecureCerts: false, browserName: chrome, browserVersion: 97.0.4692.71, chrome: {chromedriverVersion: 96.0.4664.45 (76e4c1bb2ab46..., userDataDir: C:\\Users\\user\\AppData\\Local...}, goog:chromeOptions: {debuggerAddress: localhost:49838}, javascriptEnabled: true, networkConnectionEnabled: false, pageLoadStrategy: normal, platform: WINDOWS, platformName: WINDOWS, proxy: Proxy(), se:cdp: ws://localhost:49838/devtoo..., se:cdpVersion: 97.0.4692.71, setWindowRect: true, strictFileInteractability: false, timeouts: {implicit: 0, pageLoad: 300000, script: 30000}, unhandledPromptBehavior: dismiss and notify, webauthn:extension:credBlob: true, webauthn:extension:largeBlob: true, webauthn:virtualAuthenticators: true}\nSession ID: 3d12ec678777467fc2625b83ecd08ec6\r\n\tat org.openqa.selenium.remote.codec.w3c.W3CHttpResponseCodec.decode(W3CHttpResponseCodec.java:131)\r\n\tat org.openqa.selenium.remote.codec.w3c.W3CHttpResponseCodec.decode(W3CHttpResponseCodec.java:53)\r\n\tat org.openqa.selenium.remote.HttpCommandExecutor.execute(HttpCommandExecutor.java:184)\r\n\tat org.openqa.selenium.remote.service.DriverCommandExecutor.invokeExecute(DriverCommandExecutor.java:167)\r\n\tat org.openqa.selenium.remote.service.DriverCommandExecutor.execute(DriverCommandExecutor.java:142)\r\n\tat org.openqa.selenium.remote.RemoteWebDriver.execute(RemoteWebDriver.java:543)\r\n\tat org.openqa.selenium.remote.RemoteWebDriver.execute(RemoteWebDriver.java:598)\r\n\tat org.openqa.selenium.remote.RemoteWebDriver.execute(RemoteWebDriver.java:602)\r\n\tat org.openqa.selenium.remote.RemoteWebDriver.getScreenshotAs(RemoteWebDriver.java:333)\r\n\tat stepDefinitions.base.Hooks.captureExceptionImage(Hooks.java:28)\r\n","duration":51972000,"status":"failed"},"match":{"location":"stepDefinitions.base.Hooks.captureExceptionImage(io.cucumber.java.Scenario)"}}],"keyword":"Then "}],"tags":[{"name":"@login"},{"name":"@regression"}]}],"name":"WebDriver University - Login Page","description":"","id":"webdriver-university---login-page","keyword":"Feature","uri":"classpath:features/Login.feature","tags":[{"name":"@login","type":"Tag","location":{"line":1,"column":1}},{"name":"@regression","type":"Tag","location":{"line":1,"column":8}}]}]